oct 02, 2023 12:53:04 A. M. co.edu.uniquindio.programacionIII.alquilafacil.services.CommunicationService agregarCliente
INFO: Intentando agregar un cliente con cedula '1059386396'...
oct 02, 2023 12:53:21 A. M. co.edu.uniquindio.programacionIII.alquilafacil.services.CommunicationService agregarCliente
INFO: El cliente fue agregado satisfactoriamente
oct 02, 2023 12:54:01 A. M. co.edu.uniquindio.programacionIII.alquilafacil.services.CommunicationService agregarCliente
INFO: Intentando agregar un cliente con cedula '1059386396'...
oct 02, 2023 12:54:13 A. M. co.edu.uniquindio.programacionIII.alquilafacil.services.CommunicationService lanzarDefaultCreacionObjetoException
WARNING: El cliente con identificacion "1059386396" ya se encuentra registrado
oct 02, 2023 12:56:13 A. M. co.edu.uniquindio.programacionIII.alquilafacil.services.CommunicationService agregarCliente
INFO: Intentando agregar un cliente con cedula '1059386396'...
oct 02, 2023 12:56:25 A. M. co.edu.uniquindio.programacionIII.alquilafacil.services.CommunicationService lanzarDefaultCreacionObjetoException
WARNING: El cliente con identificacion "1059386396" ya se encuentra registrado
oct 02, 2023 12:57:04 A. M. co.edu.uniquindio.programacionIII.alquilafacil.services.CommunicationService agregarCliente
INFO: Intentando agregar un cliente con cedula '1059386396'...
oct 02, 2023 12:57:15 A. M. co.edu.uniquindio.programacionIII.alquilafacil.services.CommunicationService lanzarDefaultCreacionObjetoException
WARNING: El cliente con identificacion "1059386396" ya se encuentra registrado
oct 02, 2023 12:57:48 A. M. co.edu.uniquindio.programacionIII.alquilafacil.services.CommunicationService agregarCliente
INFO: Intentando agregar un cliente con cedula '1059386396'...
oct 02, 2023 12:57:59 A. M. co.edu.uniquindio.programacionIII.alquilafacil.services.CommunicationService lanzarDefaultCreacionObjetoException
WARNING: El cliente con identificacion "1059386396" ya se encuentra registrado
oct 02, 2023 10:41:27 A. M. co.edu.uniquindio.programacionIII.alquilafacil.services.CommunicationService agregarAlquiler
INFO: Intentando agregar alquiler
oct 02, 2023 10:41:37 A. M. co.edu.uniquindio.programacionIII.alquilafacil.services.CommunicationService obtenerCliente
INFO: Intentando buscar el cliente
oct 02, 2023 10:41:37 A. M. co.edu.uniquindio.programacionIII.alquilafacil.services.CommunicationService obtenerCliente
INFO: El cliente ha sido encontrado con exito
oct 02, 2023 10:41:38 A. M. co.edu.uniquindio.programacionIII.alquilafacil.services.CommunicationService obtenerVehiculo
INFO: El vehiculo ha sido encontrado con exito
oct 02, 2023 10:41:38 A. M. co.edu.uniquindio.programacionIII.alquilafacil.services.CommunicationService agregarAlquiler
INFO: Construyendo alquiler...
oct 02, 2023 10:41:38 A. M. co.edu.uniquindio.programacionIII.alquilafacil.services.CommunicationService agregarAlquiler
INFO: Verificando que el vehiculo este disponible...
oct 02, 2023 10:41:38 A. M. co.edu.uniquindio.programacionIII.alquilafacil.services.CommunicationService estaDisponible
INFO: Intentando determinar si un vehículo está disponible
oct 02, 2023 10:41:38 A. M. co.edu.uniquindio.programacionIII.alquilafacil.services.CommunicationService listarAlquileres
INFO: Intentando listar alquileres
oct 02, 2023 10:41:38 A. M. co.edu.uniquindio.programacionIII.alquilafacil.services.CommunicationService obtenerException
SEVERE: Ha pasado un error inesperado con la persistencia - Caused by: [java.lang.NullPointerException: Cannot invoke "javax.persistence.EntityManager.createQuery(String, java.lang.Class)" because "this.em" is null]
oct 02, 2023 10:41:38 A. M. co.edu.uniquindio.programacionIII.alquilafacil.services.CommunicationService agregarAlquiler
SEVERE: Ha pasado un error inesperado con la persistencia - Caused by: [java.lang.NullPointerException: Cannot invoke "javax.persistence.EntityManager.createQuery(String, java.lang.Class)" because "this.em" is null]
oct 02, 2023 10:45:51 A. M. co.edu.uniquindio.programacionIII.alquilafacil.services.CommunicationService agregarAlquiler
INFO: Intentando agregar alquiler
oct 02, 2023 10:45:59 A. M. co.edu.uniquindio.programacionIII.alquilafacil.services.CommunicationService obtenerCliente
INFO: Intentando buscar el cliente
oct 02, 2023 10:46:00 A. M. co.edu.uniquindio.programacionIII.alquilafacil.services.CommunicationService obtenerCliente
INFO: El cliente ha sido encontrado con exito
oct 02, 2023 10:46:01 A. M. co.edu.uniquindio.programacionIII.alquilafacil.services.CommunicationService obtenerVehiculo
INFO: El vehiculo ha sido encontrado con exito
oct 02, 2023 10:46:01 A. M. co.edu.uniquindio.programacionIII.alquilafacil.services.CommunicationService agregarAlquiler
INFO: Construyendo alquiler...
oct 02, 2023 10:46:01 A. M. co.edu.uniquindio.programacionIII.alquilafacil.services.CommunicationService agregarAlquiler
INFO: Verificando que el vehiculo este disponible...
oct 02, 2023 10:46:01 A. M. co.edu.uniquindio.programacionIII.alquilafacil.services.CommunicationService estaDisponible
INFO: Intentando determinar si un vehículo está disponible
oct 02, 2023 10:46:01 A. M. co.edu.uniquindio.programacionIII.alquilafacil.services.CommunicationService listarAlquileres
INFO: Intentando listar alquileres
oct 02, 2023 10:46:01 A. M. co.edu.uniquindio.programacionIII.alquilafacil.services.CommunicationService listarAlquileres
INFO: Lis alquileres han sido listados con exito
oct 02, 2023 10:46:01 A. M. co.edu.uniquindio.programacionIII.alquilafacil.services.CommunicationService estaDisponible
INFO: Se pudo determinar si esta disponible o no
oct 02, 2023 10:46:01 A. M. co.edu.uniquindio.programacionIII.alquilafacil.services.CommunicationService agregarAlquiler
INFO: Agregando alquiler con id: 'null'...
oct 02, 2023 10:46:01 A. M. co.edu.uniquindio.programacionIII.alquilafacil.services.CommunicationService obtenerException
SEVERE: Ha pasado un error inesperado con la persistencia - Caused by: [java.lang.IllegalStateException: Cannot begin Transaction on closed Session/EntityManager]
oct 02, 2023 10:46:01 A. M. co.edu.uniquindio.programacionIII.alquilafacil.services.CommunicationService agregarAlquiler
SEVERE: Ha pasado un error inesperado con la persistencia - Caused by: [java.lang.IllegalStateException: Cannot begin Transaction on closed Session/EntityManager]
oct 02, 2023 10:47:23 A. M. co.edu.uniquindio.programacionIII.alquilafacil.services.CommunicationService agregarAlquiler
INFO: Intentando agregar alquiler
oct 02, 2023 10:47:32 A. M. co.edu.uniquindio.programacionIII.alquilafacil.services.CommunicationService obtenerCliente
INFO: Intentando buscar el cliente
oct 02, 2023 10:47:33 A. M. co.edu.uniquindio.programacionIII.alquilafacil.services.CommunicationService obtenerCliente
INFO: El cliente ha sido encontrado con exito
oct 02, 2023 10:47:33 A. M. co.edu.uniquindio.programacionIII.alquilafacil.services.CommunicationService obtenerVehiculo
INFO: El vehiculo ha sido encontrado con exito
oct 02, 2023 10:47:33 A. M. co.edu.uniquindio.programacionIII.alquilafacil.services.CommunicationService agregarAlquiler
INFO: Construyendo alquiler...
oct 02, 2023 10:47:33 A. M. co.edu.uniquindio.programacionIII.alquilafacil.services.CommunicationService agregarAlquiler
INFO: Verificando que el vehiculo este disponible...
oct 02, 2023 10:47:33 A. M. co.edu.uniquindio.programacionIII.alquilafacil.services.CommunicationService estaDisponible
INFO: Intentando determinar si un vehículo está disponible
oct 02, 2023 10:47:33 A. M. co.edu.uniquindio.programacionIII.alquilafacil.services.CommunicationService listarAlquileres
INFO: Intentando listar alquileres
oct 02, 2023 10:47:34 A. M. co.edu.uniquindio.programacionIII.alquilafacil.services.CommunicationService listarAlquileres
INFO: Lis alquileres han sido listados con exito
oct 02, 2023 10:47:34 A. M. co.edu.uniquindio.programacionIII.alquilafacil.services.CommunicationService estaDisponible
INFO: Se pudo determinar si esta disponible o no
oct 02, 2023 10:47:34 A. M. co.edu.uniquindio.programacionIII.alquilafacil.services.CommunicationService agregarAlquiler
INFO: Agregando alquiler con id: 'null'...
oct 02, 2023 10:47:39 A. M. co.edu.uniquindio.programacionIII.alquilafacil.services.CommunicationService agregarAlquiler
INFO: El alquiler Fue agregado satisfactoriamente
oct 02, 2023 10:54:23 A. M. co.edu.uniquindio.programacionIII.alquilafacil.services.CommunicationService agregarCliente
INFO: Intentando agregar un cliente con cedula '1059386396'...
oct 02, 2023 10:54:34 A. M. co.edu.uniquindio.programacionIII.alquilafacil.services.CommunicationService lanzarDefaultCreacionObjetoException
WARNING: El cliente con identificacion "1059386396" ya se encuentra registrado
oct 02, 2023 10:56:17 A. M. co.edu.uniquindio.programacionIII.alquilafacil.services.CommunicationService agregarAlquiler
INFO: Intentando agregar alquiler
oct 02, 2023 10:56:26 A. M. co.edu.uniquindio.programacionIII.alquilafacil.services.CommunicationService obtenerCliente
INFO: Intentando buscar el cliente
oct 02, 2023 10:56:27 A. M. co.edu.uniquindio.programacionIII.alquilafacil.services.CommunicationService obtenerCliente
INFO: El cliente ha sido encontrado con exito
oct 02, 2023 10:56:27 A. M. co.edu.uniquindio.programacionIII.alquilafacil.services.CommunicationService obtenerVehiculo
INFO: El vehiculo ha sido encontrado con exito
oct 02, 2023 10:56:27 A. M. co.edu.uniquindio.programacionIII.alquilafacil.services.CommunicationService agregarAlquiler
INFO: Construyendo alquiler...
oct 02, 2023 10:56:27 A. M. co.edu.uniquindio.programacionIII.alquilafacil.services.CommunicationService agregarAlquiler
INFO: Verificando que el vehiculo este disponible...
oct 02, 2023 10:56:27 A. M. co.edu.uniquindio.programacionIII.alquilafacil.services.CommunicationService estaDisponible
INFO: Intentando determinar si un vehículo está disponible
oct 02, 2023 10:56:27 A. M. co.edu.uniquindio.programacionIII.alquilafacil.services.CommunicationService listarAlquileres
INFO: Intentando listar alquileres
oct 02, 2023 10:56:28 A. M. co.edu.uniquindio.programacionIII.alquilafacil.services.CommunicationService listarAlquileres
INFO: Lis alquileres han sido listados con exito
oct 02, 2023 10:56:28 A. M. co.edu.uniquindio.programacionIII.alquilafacil.services.CommunicationService estaDisponible
INFO: Se pudo determinar si esta disponible o no
oct 02, 2023 10:56:28 A. M. co.edu.uniquindio.programacionIII.alquilafacil.services.CommunicationService agregarAlquiler
INFO: Agregando alquiler con id: 'null'...
oct 02, 2023 10:56:32 A. M. co.edu.uniquindio.programacionIII.alquilafacil.services.CommunicationService agregarAlquiler
INFO: El alquiler Fue agregado satisfactoriamente
oct 02, 2023 11:28:50 A. M. co.edu.uniquindio.programacionIII.alquilafacil.services.CommunicationService agregarAlquiler
INFO: Intentando agregar alquiler
oct 02, 2023 11:28:59 A. M. co.edu.uniquindio.programacionIII.alquilafacil.services.CommunicationService obtenerCliente
INFO: Intentando buscar el cliente
oct 02, 2023 11:29:00 A. M. co.edu.uniquindio.programacionIII.alquilafacil.services.CommunicationService obtenerCliente
INFO: El cliente ha sido encontrado con exito
oct 02, 2023 11:29:00 A. M. co.edu.uniquindio.programacionIII.alquilafacil.services.CommunicationService obtenerVehiculo
INFO: El vehiculo ha sido encontrado con exito
oct 02, 2023 11:29:00 A. M. co.edu.uniquindio.programacionIII.alquilafacil.services.CommunicationService agregarAlquiler
INFO: Construyendo alquiler...
oct 02, 2023 11:29:00 A. M. co.edu.uniquindio.programacionIII.alquilafacil.services.CommunicationService agregarAlquiler
INFO: Verificando que el vehiculo este disponible...
oct 02, 2023 11:29:00 A. M. co.edu.uniquindio.programacionIII.alquilafacil.services.CommunicationService listarAlquileres
INFO: Intentando listar alquileres
oct 02, 2023 11:29:01 A. M. co.edu.uniquindio.programacionIII.alquilafacil.services.CommunicationService listarAlquileres
INFO: Los alquileres han sido listados con exito
oct 02, 2023 11:29:01 A. M. co.edu.uniquindio.programacionIII.alquilafacil.services.CommunicationService agregarAlquiler
WARNING: El vehiculo con placa: 'JFX020' no está disponible para ese momento
oct 02, 2023 11:45:21 A. M. co.edu.uniquindio.programacionIII.alquilafacil.services.CommunicationService agregarCliente
INFO: Intentando agregar un cliente con cedula '1059386396'...
oct 02, 2023 11:45:33 A. M. co.edu.uniquindio.programacionIII.alquilafacil.services.CommunicationService agregarCliente
INFO: El cliente fue agregado satisfactoriamente
oct 02, 2023 11:47:09 A. M. co.edu.uniquindio.programacionIII.alquilafacil.services.CommunicationService agregarAlquiler
INFO: Intentando agregar alquiler
oct 02, 2023 11:47:17 A. M. co.edu.uniquindio.programacionIII.alquilafacil.services.CommunicationService obtenerCliente
INFO: Intentando buscar el cliente
oct 02, 2023 11:47:18 A. M. co.edu.uniquindio.programacionIII.alquilafacil.services.CommunicationService obtenerCliente
INFO: El cliente ha sido encontrado con exito
oct 02, 2023 11:47:19 A. M. co.edu.uniquindio.programacionIII.alquilafacil.services.CommunicationService obtenerVehiculo
INFO: El vehiculo ha sido encontrado con exito
oct 02, 2023 11:47:19 A. M. co.edu.uniquindio.programacionIII.alquilafacil.services.CommunicationService agregarAlquiler
INFO: Construyendo alquiler...
oct 02, 2023 11:47:19 A. M. co.edu.uniquindio.programacionIII.alquilafacil.services.CommunicationService agregarAlquiler
INFO: Verificando que el vehiculo este disponible...
oct 02, 2023 11:47:19 A. M. co.edu.uniquindio.programacionIII.alquilafacil.services.CommunicationService listarAlquileres
INFO: Intentando listar alquileres
oct 02, 2023 11:47:19 A. M. co.edu.uniquindio.programacionIII.alquilafacil.services.CommunicationService listarAlquileres
INFO: Los alquileres han sido listados con exito
oct 02, 2023 11:47:19 A. M. co.edu.uniquindio.programacionIII.alquilafacil.services.CommunicationService agregarAlquiler
INFO: Agregando Alquiler a cliente...
oct 02, 2023 11:47:20 A. M. co.edu.uniquindio.programacionIII.alquilafacil.services.CommunicationService agregarAlquiler
INFO: Agregando Alquiler a vehiculo...
oct 02, 2023 11:47:20 A. M. co.edu.uniquindio.programacionIII.alquilafacil.services.CommunicationService agregarAlquiler
INFO: Agregando alquiler...
oct 02, 2023 11:47:24 A. M. co.edu.uniquindio.programacionIII.alquilafacil.services.CommunicationService agregarAlquiler
INFO: El alquiler Fue agregado satisfactoriamente
oct 02, 2023 11:50:20 A. M. co.edu.uniquindio.programacionIII.alquilafacil.services.CommunicationService agregarCliente
INFO: Intentando agregar un cliente con cedula '1059386396'...
oct 02, 2023 11:51:09 A. M. co.edu.uniquindio.programacionIII.alquilafacil.services.CommunicationService agregarCliente
INFO: Intentando agregar un cliente con cedula '1059386396'...
oct 02, 2023 11:52:09 A. M. co.edu.uniquindio.programacionIII.alquilafacil.services.CommunicationService agregarCliente
INFO: Intentando agregar un cliente con cedula '1059386396'...
oct 02, 2023 11:52:22 A. M. co.edu.uniquindio.programacionIII.alquilafacil.services.CommunicationService agregarCliente
INFO: El cliente fue agregado satisfactoriamente
oct 02, 2023 11:52:57 A. M. co.edu.uniquindio.programacionIII.alquilafacil.services.CommunicationService agregarAlquiler
INFO: Intentando agregar alquiler
oct 02, 2023 11:53:06 A. M. co.edu.uniquindio.programacionIII.alquilafacil.services.CommunicationService obtenerCliente
INFO: Intentando buscar el cliente
oct 02, 2023 11:53:07 A. M. co.edu.uniquindio.programacionIII.alquilafacil.services.CommunicationService obtenerCliente
INFO: El cliente ha sido encontrado con exito
oct 02, 2023 11:53:07 A. M. co.edu.uniquindio.programacionIII.alquilafacil.services.CommunicationService obtenerVehiculo
INFO: El vehiculo ha sido encontrado con exito
oct 02, 2023 11:53:07 A. M. co.edu.uniquindio.programacionIII.alquilafacil.services.CommunicationService agregarAlquiler
INFO: Construyendo alquiler...
oct 02, 2023 11:53:07 A. M. co.edu.uniquindio.programacionIII.alquilafacil.services.CommunicationService agregarAlquiler
INFO: Verificando que el vehiculo este disponible...
oct 02, 2023 11:53:07 A. M. co.edu.uniquindio.programacionIII.alquilafacil.services.CommunicationService listarAlquileres
INFO: Intentando listar alquileres
oct 02, 2023 11:53:08 A. M. co.edu.uniquindio.programacionIII.alquilafacil.services.CommunicationService listarAlquileres
INFO: Los alquileres han sido listados con exito
oct 02, 2023 11:53:08 A. M. co.edu.uniquindio.programacionIII.alquilafacil.services.CommunicationService agregarAlquiler
INFO: Agregando Alquiler a cliente...
oct 02, 2023 11:53:08 A. M. co.edu.uniquindio.programacionIII.alquilafacil.services.CommunicationService agregarAlquiler
INFO: Agregando Alquiler a vehiculo...
oct 02, 2023 11:53:09 A. M. co.edu.uniquindio.programacionIII.alquilafacil.services.CommunicationService agregarAlquiler
INFO: Agregando alquiler...
oct 02, 2023 11:53:13 A. M. co.edu.uniquindio.programacionIII.alquilafacil.services.CommunicationService agregarAlquiler
INFO: El alquiler Fue agregado satisfactoriamente
oct 03, 2023 9:22:15 P. M. co.edu.uniquindio.programacionIII.alquilafacil.services.DataService agregarCliente
INFO: Intentando agregar un cliente con cedula '1092851416'...
oct 03, 2023 9:25:35 P. M. co.edu.uniquindio.programacionIII.alquilafacil.services.DataService agregarCliente
INFO: Intentando agregar un cliente con cedula '1092851416'...
oct 03, 2023 9:25:46 P. M. co.edu.uniquindio.programacionIII.alquilafacil.services.DataService agregarCliente
INFO: El cliente fue agregado satisfactoriamente
oct 03, 2023 9:29:12 P. M. co.edu.uniquindio.programacionIII.alquilafacil.services.DataService agregarCliente
INFO: Intentando agregar un cliente con cedula '1092851416'...
oct 03, 2023 9:29:13 P. M. co.edu.uniquindio.programacionIII.alquilafacil.services.DataService lanzarDefaultCreacionObjetoException
WARNING: El cliente con identificacion "1092851416" ya se encuentra registrado
oct 03, 2023 9:29:27 P. M. co.edu.uniquindio.programacionIII.alquilafacil.services.DataService agregarCliente
INFO: Intentando agregar un cliente con cedula '1092851417'...
oct 03, 2023 9:29:28 P. M. co.edu.uniquindio.programacionIII.alquilafacil.services.DataService agregarCliente
INFO: El cliente fue agregado satisfactoriamente
oct 03, 2023 9:33:37 P. M. co.edu.uniquindio.programacionIII.alquilafacil.services.DataService agregarCliente
INFO: Intentando agregar un cliente con cedula '1092851417'...
oct 03, 2023 9:33:40 P. M. co.edu.uniquindio.programacionIII.alquilafacil.services.DataService lanzarDefaultCreacionObjetoException
WARNING: El cliente con identificacion "1092851417" ya se encuentra registrado
oct 03, 2023 9:39:51 P. M. co.edu.uniquindio.programacionIII.alquilafacil.services.DataService agregarCliente
INFO: Intentando agregar un cliente con cedula 'asda'...
oct 03, 2023 9:39:55 P. M. co.edu.uniquindio.programacionIII.alquilafacil.services.DataService agregarCliente
INFO: El cliente fue agregado satisfactoriamente
oct 03, 2023 11:34:22 P. M. co.edu.uniquindio.programacionIII.alquilafacil.services.DataService listarClientes
INFO: Intentando listar clientes...
oct 03, 2023 11:34:24 P. M. co.edu.uniquindio.programacionIII.alquilafacil.services.DataService listarClientes
INFO: Los clientes han sido cargados con exito
oct 03, 2023 11:34:27 P. M. co.edu.uniquindio.programacionIII.alquilafacil.services.DataService listarVehiculos
INFO: Intentando listar vehiculos...
oct 03, 2023 11:34:28 P. M. co.edu.uniquindio.programacionIII.alquilafacil.services.DataService listarVehiculos
INFO: Los vehiculos han sido listados con exito
oct 04, 2023 12:21:23 A. M. co.edu.uniquindio.programacionIII.alquilafacil.services.DataService agregarVehiculo
INFO: Agregando vehiculo con placa: 'Placa'...
oct 04, 2023 12:21:27 A. M. co.edu.uniquindio.programacionIII.alquilafacil.services.DataService agregarVehiculo
INFO: El vehiculo ha sido agregado satisfactoriamente
oct 04, 2023 12:21:42 A. M. co.edu.uniquindio.programacionIII.alquilafacil.services.DataService listarClientes
INFO: Intentando listar clientes...
oct 04, 2023 12:21:43 A. M. co.edu.uniquindio.programacionIII.alquilafacil.services.DataService listarClientes
INFO: Los clientes han sido cargados con exito
oct 04, 2023 12:21:45 A. M. co.edu.uniquindio.programacionIII.alquilafacil.services.DataService listarVehiculos
INFO: Intentando listar vehiculos...
oct 04, 2023 12:21:46 A. M. co.edu.uniquindio.programacionIII.alquilafacil.services.DataService listarVehiculos
INFO: Los vehiculos han sido listados con exito
oct 04, 2023 12:21:55 A. M. co.edu.uniquindio.programacionIII.alquilafacil.services.DataService agregarAlquiler
INFO: Intentando agregar alquiler
oct 04, 2023 12:21:55 A. M. co.edu.uniquindio.programacionIII.alquilafacil.services.DataService obtenerCliente
INFO: Intentando buscar el cliente
oct 04, 2023 12:21:56 A. M. co.edu.uniquindio.programacionIII.alquilafacil.services.DataService obtenerCliente
INFO: El cliente ha sido encontrado con exito
oct 04, 2023 12:21:58 A. M. co.edu.uniquindio.programacionIII.alquilafacil.services.DataService obtenerVehiculo
INFO: El vehiculo ha sido encontrado con exito
oct 04, 2023 12:21:58 A. M. co.edu.uniquindio.programacionIII.alquilafacil.services.DataService agregarAlquiler
INFO: Construyendo alquiler...
oct 04, 2023 12:21:58 A. M. co.edu.uniquindio.programacionIII.alquilafacil.services.DataService agregarAlquiler
INFO: Verificando que el vehiculo este disponible...
oct 04, 2023 12:21:58 A. M. co.edu.uniquindio.programacionIII.alquilafacil.services.DataService listarAlquileres
INFO: Intentando listar alquileres
oct 04, 2023 12:21:58 A. M. co.edu.uniquindio.programacionIII.alquilafacil.services.DataService listarAlquileres
INFO: Los alquileres han sido listados con exito
oct 04, 2023 12:21:58 A. M. co.edu.uniquindio.programacionIII.alquilafacil.services.DataService agregarAlquiler
INFO: Agregando Alquiler a cliente...
oct 04, 2023 12:21:59 A. M. co.edu.uniquindio.programacionIII.alquilafacil.services.DataService agregarAlquiler
INFO: Agregando Alquiler a vehiculo...
oct 04, 2023 12:21:59 A. M. co.edu.uniquindio.programacionIII.alquilafacil.services.DataService agregarAlquiler
INFO: Agregando alquiler...
oct 04, 2023 12:22:04 A. M. co.edu.uniquindio.programacionIII.alquilafacil.services.DataService agregarAlquiler
INFO: El alquiler Fue agregado satisfactoriamente
oct 04, 2023 12:22:28 A. M. co.edu.uniquindio.programacionIII.alquilafacil.services.DataService agregarAlquiler
INFO: Intentando agregar alquiler
oct 04, 2023 12:22:28 A. M. co.edu.uniquindio.programacionIII.alquilafacil.services.DataService obtenerCliente
INFO: Intentando buscar el cliente
oct 04, 2023 12:22:29 A. M. co.edu.uniquindio.programacionIII.alquilafacil.services.DataService obtenerCliente
INFO: El cliente ha sido encontrado con exito
oct 04, 2023 12:22:31 A. M. co.edu.uniquindio.programacionIII.alquilafacil.services.DataService obtenerVehiculo
INFO: El vehiculo ha sido encontrado con exito
oct 04, 2023 12:22:31 A. M. co.edu.uniquindio.programacionIII.alquilafacil.services.DataService agregarAlquiler
INFO: Construyendo alquiler...
oct 04, 2023 12:22:31 A. M. co.edu.uniquindio.programacionIII.alquilafacil.services.DataService agregarAlquiler
INFO: Verificando que el vehiculo este disponible...
oct 04, 2023 12:22:31 A. M. co.edu.uniquindio.programacionIII.alquilafacil.services.DataService listarAlquileres
INFO: Intentando listar alquileres
oct 04, 2023 12:22:31 A. M. co.edu.uniquindio.programacionIII.alquilafacil.services.DataService listarAlquileres
INFO: Los alquileres han sido listados con exito
oct 04, 2023 12:22:31 A. M. co.edu.uniquindio.programacionIII.alquilafacil.services.DataService agregarAlquiler
WARNING: El vehiculo con placa: 'Placa' no está disponible para ese momento
oct 04, 2023 12:22:34 A. M. co.edu.uniquindio.programacionIII.alquilafacil.services.DataService agregarAlquiler
INFO: Intentando agregar alquiler
oct 04, 2023 12:22:34 A. M. co.edu.uniquindio.programacionIII.alquilafacil.services.DataService obtenerCliente
INFO: Intentando buscar el cliente
oct 04, 2023 12:22:35 A. M. co.edu.uniquindio.programacionIII.alquilafacil.services.DataService obtenerCliente
INFO: El cliente ha sido encontrado con exito
oct 04, 2023 12:22:42 A. M. co.edu.uniquindio.programacionIII.alquilafacil.services.DataService obtenerVehiculo
INFO: El vehiculo ha sido encontrado con exito
oct 04, 2023 12:22:42 A. M. co.edu.uniquindio.programacionIII.alquilafacil.services.DataService agregarAlquiler
INFO: Construyendo alquiler...
oct 04, 2023 12:22:42 A. M. co.edu.uniquindio.programacionIII.alquilafacil.services.DataService agregarAlquiler
INFO: Verificando que el vehiculo este disponible...
oct 04, 2023 12:22:42 A. M. co.edu.uniquindio.programacionIII.alquilafacil.services.DataService listarAlquileres
INFO: Intentando listar alquileres
oct 04, 2023 12:22:43 A. M. co.edu.uniquindio.programacionIII.alquilafacil.services.DataService listarAlquileres
INFO: Los alquileres han sido listados con exito
oct 04, 2023 12:22:43 A. M. co.edu.uniquindio.programacionIII.alquilafacil.services.DataService agregarAlquiler
WARNING: El vehiculo con placa: 'Placa' no está disponible para ese momento
oct 04, 2023 12:22:49 A. M. co.edu.uniquindio.programacionIII.alquilafacil.services.DataService agregarAlquiler
INFO: Intentando agregar alquiler
oct 04, 2023 12:22:49 A. M. co.edu.uniquindio.programacionIII.alquilafacil.services.DataService obtenerCliente
INFO: Intentando buscar el cliente
oct 04, 2023 12:22:50 A. M. co.edu.uniquindio.programacionIII.alquilafacil.services.DataService obtenerCliente
INFO: El cliente ha sido encontrado con exito
oct 04, 2023 12:22:52 A. M. co.edu.uniquindio.programacionIII.alquilafacil.services.DataService obtenerVehiculo
INFO: El vehiculo ha sido encontrado con exito
oct 04, 2023 12:22:52 A. M. co.edu.uniquindio.programacionIII.alquilafacil.services.DataService agregarAlquiler
INFO: Construyendo alquiler...
oct 04, 2023 12:22:52 A. M. co.edu.uniquindio.programacionIII.alquilafacil.services.DataService agregarAlquiler
INFO: Verificando que el vehiculo este disponible...
oct 04, 2023 12:22:52 A. M. co.edu.uniquindio.programacionIII.alquilafacil.services.DataService listarAlquileres
INFO: Intentando listar alquileres
oct 04, 2023 12:22:52 A. M. co.edu.uniquindio.programacionIII.alquilafacil.services.DataService listarAlquileres
INFO: Los alquileres han sido listados con exito
oct 04, 2023 12:22:52 A. M. co.edu.uniquindio.programacionIII.alquilafacil.services.DataService agregarAlquiler
WARNING: El vehiculo con placa: 'Placa' no está disponible para ese momento
oct 04, 2023 12:22:56 A. M. co.edu.uniquindio.programacionIII.alquilafacil.services.DataService agregarAlquiler
INFO: Intentando agregar alquiler
oct 04, 2023 12:22:56 A. M. co.edu.uniquindio.programacionIII.alquilafacil.services.DataService obtenerCliente
INFO: Intentando buscar el cliente
oct 04, 2023 12:22:57 A. M. co.edu.uniquindio.programacionIII.alquilafacil.services.DataService obtenerCliente
INFO: El cliente ha sido encontrado con exito
oct 04, 2023 12:22:59 A. M. co.edu.uniquindio.programacionIII.alquilafacil.services.DataService obtenerVehiculo
INFO: El vehiculo ha sido encontrado con exito
oct 04, 2023 12:22:59 A. M. co.edu.uniquindio.programacionIII.alquilafacil.services.DataService agregarAlquiler
INFO: Construyendo alquiler...
oct 04, 2023 12:22:59 A. M. co.edu.uniquindio.programacionIII.alquilafacil.services.DataService agregarAlquiler
INFO: Verificando que el vehiculo este disponible...
oct 04, 2023 12:22:59 A. M. co.edu.uniquindio.programacionIII.alquilafacil.services.DataService listarAlquileres
INFO: Intentando listar alquileres
oct 04, 2023 12:23:00 A. M. co.edu.uniquindio.programacionIII.alquilafacil.services.DataService listarAlquileres
INFO: Los alquileres han sido listados con exito
oct 04, 2023 12:23:00 A. M. co.edu.uniquindio.programacionIII.alquilafacil.services.DataService agregarAlquiler
WARNING: El vehiculo con placa: 'Placa' no está disponible para ese momento
oct 04, 2023 12:23:06 A. M. co.edu.uniquindio.programacionIII.alquilafacil.services.DataService agregarAlquiler
INFO: Intentando agregar alquiler
oct 04, 2023 12:23:06 A. M. co.edu.uniquindio.programacionIII.alquilafacil.services.DataService obtenerCliente
INFO: Intentando buscar el cliente
oct 04, 2023 12:23:07 A. M. co.edu.uniquindio.programacionIII.alquilafacil.services.DataService obtenerCliente
INFO: El cliente ha sido encontrado con exito
oct 04, 2023 12:23:09 A. M. co.edu.uniquindio.programacionIII.alquilafacil.services.DataService obtenerVehiculo
INFO: El vehiculo ha sido encontrado con exito
oct 04, 2023 12:23:09 A. M. co.edu.uniquindio.programacionIII.alquilafacil.services.DataService agregarAlquiler
INFO: Construyendo alquiler...
oct 04, 2023 12:23:09 A. M. co.edu.uniquindio.programacionIII.alquilafacil.services.DataService agregarAlquiler
INFO: Verificando que el vehiculo este disponible...
oct 04, 2023 12:23:09 A. M. co.edu.uniquindio.programacionIII.alquilafacil.services.DataService listarAlquileres
INFO: Intentando listar alquileres
oct 04, 2023 12:23:09 A. M. co.edu.uniquindio.programacionIII.alquilafacil.services.DataService listarAlquileres
INFO: Los alquileres han sido listados con exito
oct 04, 2023 12:23:09 A. M. co.edu.uniquindio.programacionIII.alquilafacil.services.DataService agregarAlquiler
WARNING: El vehiculo con placa: 'Placa' no está disponible para ese momento
oct 04, 2023 12:23:17 A. M. co.edu.uniquindio.programacionIII.alquilafacil.services.DataService agregarAlquiler
INFO: Intentando agregar alquiler
oct 04, 2023 12:23:17 A. M. co.edu.uniquindio.programacionIII.alquilafacil.services.DataService obtenerCliente
INFO: Intentando buscar el cliente
oct 04, 2023 12:23:17 A. M. co.edu.uniquindio.programacionIII.alquilafacil.services.DataService obtenerCliente
INFO: El cliente ha sido encontrado con exito
oct 04, 2023 12:23:19 A. M. co.edu.uniquindio.programacionIII.alquilafacil.services.DataService obtenerVehiculo
INFO: El vehiculo ha sido encontrado con exito
oct 04, 2023 12:23:19 A. M. co.edu.uniquindio.programacionIII.alquilafacil.services.DataService agregarAlquiler
INFO: Construyendo alquiler...
oct 04, 2023 12:23:19 A. M. co.edu.uniquindio.programacionIII.alquilafacil.services.DataService agregarAlquiler
INFO: Verificando que el vehiculo este disponible...
oct 04, 2023 12:23:19 A. M. co.edu.uniquindio.programacionIII.alquilafacil.services.DataService listarAlquileres
INFO: Intentando listar alquileres
oct 04, 2023 12:23:20 A. M. co.edu.uniquindio.programacionIII.alquilafacil.services.DataService listarAlquileres
INFO: Los alquileres han sido listados con exito
oct 04, 2023 12:23:20 A. M. co.edu.uniquindio.programacionIII.alquilafacil.services.DataService agregarAlquiler
WARNING: El vehiculo con placa: 'Placa' no está disponible para ese momento
oct 04, 2023 12:23:29 A. M. co.edu.uniquindio.programacionIII.alquilafacil.services.DataService agregarAlquiler
INFO: Intentando agregar alquiler
oct 04, 2023 12:23:29 A. M. co.edu.uniquindio.programacionIII.alquilafacil.services.DataService obtenerCliente
INFO: Intentando buscar el cliente
oct 04, 2023 12:23:30 A. M. co.edu.uniquindio.programacionIII.alquilafacil.services.DataService obtenerCliente
INFO: El cliente ha sido encontrado con exito
oct 04, 2023 12:23:31 A. M. co.edu.uniquindio.programacionIII.alquilafacil.services.DataService obtenerVehiculo
INFO: El vehiculo ha sido encontrado con exito
oct 04, 2023 12:23:31 A. M. co.edu.uniquindio.programacionIII.alquilafacil.services.DataService agregarAlquiler
INFO: Construyendo alquiler...
oct 04, 2023 12:23:31 A. M. co.edu.uniquindio.programacionIII.alquilafacil.services.DataService agregarAlquiler
INFO: Verificando que el vehiculo este disponible...
oct 04, 2023 12:23:31 A. M. co.edu.uniquindio.programacionIII.alquilafacil.services.DataService listarAlquileres
INFO: Intentando listar alquileres
oct 04, 2023 12:23:32 A. M. co.edu.uniquindio.programacionIII.alquilafacil.services.DataService listarAlquileres
INFO: Los alquileres han sido listados con exito
oct 04, 2023 12:23:32 A. M. co.edu.uniquindio.programacionIII.alquilafacil.services.DataService agregarAlquiler
INFO: Agregando Alquiler a cliente...
oct 04, 2023 12:23:33 A. M. co.edu.uniquindio.programacionIII.alquilafacil.services.DataService agregarAlquiler
INFO: Agregando Alquiler a vehiculo...
oct 04, 2023 12:23:35 A. M. co.edu.uniquindio.programacionIII.alquilafacil.services.DataService agregarAlquiler
INFO: Agregando alquiler...
oct 04, 2023 12:23:38 A. M. co.edu.uniquindio.programacionIII.alquilafacil.services.DataService agregarAlquiler
INFO: El alquiler Fue agregado satisfactoriamente
oct 07, 2023 7:50:44 P. M. co.edu.uniquindio.programacionIII.alquilafacil.services.LogHandler logInfo
INFO: Listando vehiculos en rango de fechas
oct 07, 2023 7:50:44 P. M. co.edu.uniquindio.programacionIII.alquilafacil.services.LogHandler logInfo
INFO: Intentando listar vehículos entre: 2023-10-19 y 2023-10-19
oct 07, 2023 7:50:44 P. M. co.edu.uniquindio.programacionIII.alquilafacil.services.LogHandler logInfo
INFO: Se ha podido obtener la lista de vehículos
oct. 07, 2023 8:39:26 P. M. co.edu.uniquindio.programacionIII.alquilafacil.services.LogHandler logInfo
INFO: Intentando agregar un cliente con cedula '1090'...
oct. 07, 2023 8:39:26 P. M. co.edu.uniquindio.programacionIII.alquilafacil.services.LogHandler logInfo
INFO: Intentando buscar un cliente con cedula: 1090
oct. 07, 2023 8:39:26 P. M. co.edu.uniquindio.programacionIII.alquilafacil.services.LogHandler logInfo
INFO: El cliente no fue encontrado
oct. 07, 2023 8:39:26 P. M. co.edu.uniquindio.programacionIII.alquilafacil.services.LogHandler logInfo
INFO: El cliente fue agregado satisfactoriamente
oct 09, 2023 3:17:37 P. M. co.edu.uniquindio.programacionIII.alquilafacil.services.LogHandler logInfo
INFO: Listando vehiculos en rango de fechas
oct 09, 2023 3:17:37 P. M. co.edu.uniquindio.programacionIII.alquilafacil.services.LogHandler logInfo
INFO: Intentando listar vehículos entre: 2023-10-09 y 2023-10-26
oct 09, 2023 3:17:37 P. M. co.edu.uniquindio.programacionIII.alquilafacil.services.LogHandler logInfo
INFO: Se ha podido obtener la lista de vehículos
oct 09, 2023 3:17:56 P. M. co.edu.uniquindio.programacionIII.alquilafacil.services.LogHandler logInfo
INFO: Listando vehiculos en rango de fechas
oct 09, 2023 3:17:56 P. M. co.edu.uniquindio.programacionIII.alquilafacil.services.LogHandler logInfo
INFO: Intentando listar vehículos entre: 2023-10-07 y 2023-10-26
oct 09, 2023 3:17:56 P. M. co.edu.uniquindio.programacionIII.alquilafacil.services.LogHandler logInfo
INFO: Se ha podido obtener la lista de vehículos
oct 09, 2023 3:27:15 P. M. co.edu.uniquindio.programacionIII.alquilafacil.services.LogHandler logInfo
INFO: Listando vehiculos en rango de fechas
oct 09, 2023 3:27:15 P. M. co.edu.uniquindio.programacionIII.alquilafacil.services.LogHandler logInfo
INFO: Intentando listar vehículos entre: 2023-10-09 y 2023-10-13
oct 09, 2023 3:27:15 P. M. co.edu.uniquindio.programacionIII.alquilafacil.services.LogHandler logInfo
INFO: Se ha podido obtener la lista de vehículos
oct 09, 2023 3:27:33 P. M. co.edu.uniquindio.programacionIII.alquilafacil.services.LogHandler logInfo
INFO: Listando vehiculos en rango de fechas
oct 09, 2023 3:27:33 P. M. co.edu.uniquindio.programacionIII.alquilafacil.services.LogHandler logInfo
INFO: Intentando listar vehículos entre: 2023-10-10 y 2023-10-19
oct 09, 2023 3:27:33 P. M. co.edu.uniquindio.programacionIII.alquilafacil.services.LogHandler logInfo
INFO: Se ha podido obtener la lista de vehículos
oct 09, 2023 3:28:22 P. M. co.edu.uniquindio.programacionIII.alquilafacil.services.LogHandler logInfo
INFO: Listando vehiculos en rango de fechas
oct 09, 2023 3:28:22 P. M. co.edu.uniquindio.programacionIII.alquilafacil.services.LogHandler logInfo
INFO: Intentando listar vehículos entre: 2023-10-18 y 2023-10-19
oct 09, 2023 3:28:22 P. M. co.edu.uniquindio.programacionIII.alquilafacil.services.LogHandler logInfo
INFO: Se ha podido obtener la lista de vehículos
oct 09, 2023 3:31:26 P. M. co.edu.uniquindio.programacionIII.alquilafacil.services.LogHandler logInfo
INFO: Listando vehiculos en rango de fechas
oct 09, 2023 3:31:26 P. M. co.edu.uniquindio.programacionIII.alquilafacil.services.LogHandler logInfo
INFO: Intentando listar vehículos entre: 2023-10-10 y 2023-10-19
oct 09, 2023 3:31:26 P. M. co.edu.uniquindio.programacionIII.alquilafacil.services.LogHandler logInfo
INFO: Se ha podido obtener la lista de vehículos
oct 09, 2023 3:31:37 P. M. co.edu.uniquindio.programacionIII.alquilafacil.services.LogHandler logInfo
INFO: Listando vehiculos en rango de fechas
oct 09, 2023 3:31:37 P. M. co.edu.uniquindio.programacionIII.alquilafacil.services.LogHandler logInfo
INFO: Intentando listar vehículos entre: 2023-10-10 y 2023-10-19
oct 09, 2023 3:31:37 P. M. co.edu.uniquindio.programacionIII.alquilafacil.services.LogHandler logInfo
INFO: Se ha podido obtener la lista de vehículos
oct 09, 2023 3:31:44 P. M. co.edu.uniquindio.programacionIII.alquilafacil.services.LogHandler logInfo
INFO: Listando vehiculos en rango de fechas
oct 09, 2023 3:31:44 P. M. co.edu.uniquindio.programacionIII.alquilafacil.services.LogHandler logInfo
INFO: Intentando listar vehículos entre: 2023-10-10 y 2023-10-19
oct 09, 2023 3:31:44 P. M. co.edu.uniquindio.programacionIII.alquilafacil.services.LogHandler logInfo
INFO: Se ha podido obtener la lista de vehículos
oct 09, 2023 3:31:49 P. M. co.edu.uniquindio.programacionIII.alquilafacil.services.LogHandler logInfo
INFO: Listando vehiculos en rango de fechas
oct 09, 2023 3:31:49 P. M. co.edu.uniquindio.programacionIII.alquilafacil.services.LogHandler logInfo
INFO: Intentando listar vehículos entre: 2023-10-10 y 2023-10-19
oct 09, 2023 3:31:49 P. M. co.edu.uniquindio.programacionIII.alquilafacil.services.LogHandler logInfo
INFO: Se ha podido obtener la lista de vehículos
oct 09, 2023 3:43:54 P. M. co.edu.uniquindio.programacionIII.alquilafacil.services.LogHandler logInfo
INFO: Listando vehiculos en rango de fechas
oct 09, 2023 3:43:54 P. M. co.edu.uniquindio.programacionIII.alquilafacil.services.LogHandler logInfo
INFO: Intentando listar vehículos entre: 2023-10-10 y 2023-10-11
oct 09, 2023 3:43:54 P. M. co.edu.uniquindio.programacionIII.alquilafacil.services.LogHandler logInfo
INFO: Se ha podido obtener la lista de vehículos
oct 09, 2023 3:45:37 P. M. co.edu.uniquindio.programacionIII.alquilafacil.services.LogHandler logInfo
INFO: Listando vehiculos en rango de fechas
oct 09, 2023 3:45:37 P. M. co.edu.uniquindio.programacionIII.alquilafacil.services.LogHandler logInfo
INFO: Intentando listar vehículos entre: 2023-10-10 y 2023-10-11
oct 09, 2023 3:45:37 P. M. co.edu.uniquindio.programacionIII.alquilafacil.services.LogHandler logInfo
INFO: Se ha podido obtener la lista de vehículos
oct 09, 2023 3:57:54 P. M. co.edu.uniquindio.programacionIII.alquilafacil.services.LogHandler logInfo
INFO: Listando vehiculos en rango de fechas
oct 09, 2023 3:57:54 P. M. co.edu.uniquindio.programacionIII.alquilafacil.services.LogHandler logInfo
INFO: Intentando listar vehículos entre: 2023-10-02 y 2023-10-07
oct 09, 2023 3:57:54 P. M. co.edu.uniquindio.programacionIII.alquilafacil.services.LogHandler logInfo
INFO: Se ha podido obtener la lista de vehículos
oct 09, 2023 3:57:58 P. M. co.edu.uniquindio.programacionIII.alquilafacil.services.LogHandler logInfo
INFO: Listando vehiculos en rango de fechas
oct 09, 2023 3:57:58 P. M. co.edu.uniquindio.programacionIII.alquilafacil.services.LogHandler logInfo
INFO: Intentando listar vehículos entre: 2023-10-02 y 2023-10-09
oct 09, 2023 3:57:58 P. M. co.edu.uniquindio.programacionIII.alquilafacil.services.LogHandler logInfo
INFO: Se ha podido obtener la lista de vehículos
oct. 09, 2023 5:43:58 P. M. co.edu.uniquindio.programacionIII.alquilafacil.services.LogHandler logInfo
INFO: Obteniendo marca mas alquilada...
oct. 09, 2023 5:44:16 P. M. co.edu.uniquindio.programacionIII.alquilafacil.services.LogHandler logInfo
INFO: Obteniendo marca mas alquilada...
